# Logfile created on Sun Dec 06 21:43:56 +0000 2009

Processing HomepagesController#index (for 127.0.0.1 at 2009-12-06 21:44:04) [GET]
  Parameters: {"action"=>"index", "controller"=>"homepages"}

ActiveRecord::StatementInvalid (Mysql::Error: Table 'handy_rails_tips_production.sessions' doesn't exist: SHOW FIELDS FROM `sessions`):
  app/controllers/application_controller.rb:80:in `fetch_current_user'

Rendering rescues/layout (internal_server_error)


Processing HomepagesController#index (for 127.0.0.1 at 2009-12-06 21:44:53) [GET]
  Parameters: {"action"=>"index", "controller"=>"homepages"}
Rendering template within layouts/application
Rendering homepages/index

ActionView::TemplateError (Missing template homepages/_google_analytics.erb in view path app/views:vendor/plugins/more/app/views) on line #75 of app/views/layouts/application.html.erb:
72: 		<p class='float_right'><%= render :partial => 'layouts/cc'%></p>
73: 	</div>
74: 	
75:   <%= render 'google_analytics' if RAILS_ENV == "production" %>
76: 
77: 	
78: </body>

    app/views/layouts/application.html.erb:75

Rendering rescues/layout (internal_server_error)


Processing HomepagesController#index (for 127.0.0.1 at 2009-12-06 21:45:38) [GET]
  Parameters: {"action"=>"index", "controller"=>"homepages"}
Rendering template within layouts/application
Rendering homepages/index

ActionView::TemplateError (Missing template homepages/_google_analytics.erb in view path app/views:vendor/plugins/more/app/views) on line #75 of app/views/layouts/application.html.erb:
72: 		<p class='float_right'><%= render :partial => 'layouts/cc'%></p>
73: 	</div>
74: 	
75:   <%= render 'google_analytics' if RAILS_ENV == "production" %>
76: 
77: 	
78: </body>

    app/views/layouts/application.html.erb:75

Rendering rescues/layout (internal_server_error)


Processing HomepagesController#index (for 127.0.0.1 at 2009-12-06 21:45:42) [GET]
  Parameters: {"action"=>"index", "controller"=>"homepages"}
Rendering template within layouts/application
Rendering homepages/index

ActionView::TemplateError (Missing template homepages/_google_analytics.erb in view path app/views:vendor/plugins/more/app/views) on line #75 of app/views/layouts/application.html.erb:
72: 		<p class='float_right'><%= render :partial => 'layouts/cc'%></p>
73: 	</div>
74: 	
75:   <%= render 'google_analytics' if RAILS_ENV == "production" %>
76: 
77: 	
78: </body>

    app/views/layouts/application.html.erb:75

Rendering rescues/layout (internal_server_error)


Processing HomepagesController#index (for 127.0.0.1 at 2009-12-06 21:46:09) [GET]
  Parameters: {"action"=>"index", "controller"=>"homepages"}
Rendering template within layouts/application
Rendering homepages/index

ActionView::TemplateError (undefined method `each' for nil:NilClass) on line #1 of app/views/layouts/_flash.html.erb:
1: <%- flash.each do |flash_type, message| -%>
2:   <%= content_tag :div, message, :class => "flash #{flash_type}" %>
3:   <% content_tag :script, :type => "text/javascript" do %>
4: 		setTimeout("$$('div.flash').each(function(flash){ flash.hide();})", 10000);

    app/views/layouts/_flash.html.erb:1
    app/views/layouts/application.html.erb:55

Rendering rescues/layout (internal_server_error)


Processing HomepagesController#index (for 127.0.0.1 at 2009-12-06 21:46:45) [GET]
  Parameters: {"action"=>"index", "controller"=>"homepages"}
Rendering template within layouts/application
Rendering homepages/index

ActionView::TemplateError (undefined method `each' for nil:NilClass) on line #1 of app/views/layouts/_flash.html.erb:
1: <%- flash.each do |flash_type, message| -%>
2:   <%= content_tag :div, message, :class => "flash #{flash_type}" %>
3:   <% content_tag :script, :type => "text/javascript" do %>
4: 		setTimeout("$$('div.flash').each(function(flash){ flash.hide();})", 10000);

    app/views/layouts/_flash.html.erb:1
    app/views/layouts/application.html.erb:55

Rendering rescues/layout (internal_server_error)


Processing HomepagesController#index (for 127.0.0.1 at 2009-12-06 21:46:55) [GET]
  Parameters: {"action"=>"index", "controller"=>"homepages"}
Rendering template within layouts/application
Rendering homepages/index

ActionView::TemplateError (undefined method `each' for nil:NilClass) on line #1 of app/views/layouts/_flash.html.erb:
1: <%- flash.each do |flash_type, message| -%>
2:   <%= content_tag :div, message, :class => "flash #{flash_type}" %>
3:   <% content_tag :script, :type => "text/javascript" do %>
4: 		setTimeout("$$('div.flash').each(function(flash){ flash.hide();})", 10000);

    app/views/layouts/_flash.html.erb:1
    app/views/layouts/application.html.erb:55

Rendering rescues/layout (internal_server_error)


Processing HomepagesController#index (for 127.0.0.1 at 2009-12-06 21:47:03) [GET]
  Parameters: {"action"=>"index", "controller"=>"homepages"}
Rendering template within layouts/application
Rendering homepages/index
Completed in 78ms (View: 73, DB: 2) | 200 OK [http://localhost/]
